<?xml version="1.0" encoding="UTF-8"?>
<!-- Generated by org.testng.reporters.JUnitXMLReporter -->
<testsuite ignored="0" hostname="LAPTOP-9HTIP2U6" failures="2" tests="2" name="EdgeTest" time="0.015" errors="0" timestamp="2023-09-16T23:18:16 IST">
  <testcase classname="test.LoginTest" name="MethodLoginTest" time="0.002">
    <failure type="java.lang.NullPointerException" message="Cannot invoke &amp;quot;org.openqa.selenium.WebDriver.manage()&amp;quot; because &amp;quot;this.driver&amp;quot; is null">
      <![CDATA[java.lang.NullPointerException: Cannot invoke "org.openqa.selenium.WebDriver.manage()" because "this.driver" is null
at utilities.BrowserOperations.LaunchApplication(BrowserOperations.java:46)
at test.LoginTest.MethodLoginTest(LoginTest.java:32)
at java.base/java.util.ArrayList.forEach(ArrayList.java:1511)
... Removed 27 stack frames]]>
    </failure>
  </testcase> <!-- MethodLoginTest -->
  <testcase classname="test.LoginTest" name="Method_Fail_1" time="0.002">
    <failure type="java.lang.AssertionError" message="Test case failed">
      <![CDATA[java.lang.AssertionError: Test case failed
at test.LoginTest.Method_Fail_1(LoginTest.java:53)
at java.base/java.util.ArrayList.forEach(ArrayList.java:1511)
... Removed 28 stack frames]]>
    </failure>
  </testcase> <!-- Method_Fail_1 -->
</testsuite> <!-- EdgeTest -->
